生成启动时间为 9/22/2017 1:22:32 PM。
     1>项目“D:\Pra\test\ImagingOne\ImagingOne.vcxproj”在节点 2 上(Rebuild 个目标)。
     1>ClCompile:
         C:\Program Files (x86)\Microsoft Visual Studio 12.0\VC\bin\CL.exe /c /ZI /nologo /W3 /WX- /sdl /Od /Oy- /D WIN32 /D _DEBUG /D _CONSOLE /D _LIB /D _CRT_SECURE_NO_WARNINGS /D _UNICODE /D UNICODE /Gm /EHsc /RTC1 /MDd /GS /fp:precise /Zc:wchar_t /Zc:forScope /Fo"Debug\\" /Fd"Debug\vc120.pdb" /Gd /TP /analyze- /errorReport:prompt FolderFileManagement.cpp HistoManagement.cpp ImageProcessManagement.cpp LogManagement.cpp main.cpp
         main.cpp
         LogManagement.cpp
         ImageProcessManagement.cpp
         HistoManagement.cpp
         FolderFileManagement.cpp
         正在生成代码...
       Link:
         C:\Program Files (x86)\Microsoft Visual Studio 12.0\VC\bin\link.exe /ERRORREPORT:PROMPT /OUT:"D:\Pra\test\ImagingOne\Debug\ImagingOne.exe" /INCREMENTAL /NOLOGO opencv_ml249d.lib opencv_calib3d249d.lib opencv_contrib249d.lib opencv_core249d.lib opencv_features2d249d.lib opencv_flann249d.lib opencv_gpu249d.lib opencv_highgui249d.lib opencv_imgproc249d.lib opencv_legacy249d.lib opencv_objdetect249d.lib opencv_ts249d.lib opencv_video249d.lib opencv_nonfree249d.lib opencv_ocl249d.lib opencv_photo249d.lib opencv_stitching249d.lib opencv_superres249d.lib opencv_videostab249d.lib kernel32.lib user32.lib gdi32.lib winspool.lib comdlg32.lib advapi32.lib shell32.lib ole32.lib oleaut32.lib uuid.lib odbc32.lib odbccp32.lib /MANIFEST /MANIFESTUAC:"level='asInvoker' uiAccess='false'" /manifest:embed /DEBUG /PDB:"D:\Pra\test\ImagingOne\Debug\ImagingOne.pdb" /SUBSYSTEM:CONSOLE /TLBID:1 /DYNAMICBASE /NXCOMPAT /IMPLIB:"D:\Pra\test\ImagingOne\Debug\ImagingOne.lib" /MACHINE:X86 Debug\FolderFileManagement.obj
         Debug\HistoManagement.obj
         Debug\ImageProcessManagement.obj
         Debug\LogManagement.obj
         Debug\main.obj
         ImagingOne.vcxproj -> D:\Pra\test\ImagingOne\Debug\ImagingOne.exe
     1>已完成生成项目“D:\Pra\test\ImagingOne\ImagingOne.vcxproj”(Rebuild 个目标)的操作。

生成成功。

已用时间 00:00:04.79
